<?xml version="1.0" encoding="UTF-8"?>
<testng-results ignored="0" total="1" passed="1" failed="0" skipped="0">
  <reporter-output>
  </reporter-output>
  <suite started-at="2026-01-02T10:37:04 IST" name="Failed suite [Master Suite]" finished-at="2026-01-02T10:37:11 IST" duration-ms="7161">
    <groups>
      <group name="Master">
        <method signature="TC002_Login_Test.verify_login()[pri:0, instance:testCases.TC002_Login_Test@6356695f]" name="verify_login" class="testCases.TC002_Login_Test"/>
      </group> <!-- Master -->
      <group name="Sanity">
        <method signature="TC002_Login_Test.verify_login()[pri:0, instance:testCases.TC002_Login_Test@6356695f]" name="verify_login" class="testCases.TC002_Login_Test"/>
      </group> <!-- Sanity -->
    </groups>
    <test started-at="2026-01-02T10:37:04 IST" name="Test(failed)" finished-at="2026-01-02T10:37:11 IST" duration-ms="7161">
      <class name="testCases.TC002_Login_Test">
        <test-method is-config="true" signature="setup(java.lang.String,java.lang.String)[pri:0, instance:testCases.TC002_Login_Test@6356695f]" started-at="2026-01-02T10:37:04 IST" name="setup" finished-at="2026-01-02T10:37:08 IST" duration-ms="4528" status="PASS">
          <params>
            <param index="0">
              <value>
                <![CDATA[Windows]]>
              </value>
            </param>
            <param index="1">
              <value>
                <![CDATA[chrome]]>
              </value>
            </param>
          </params>
          <reporter-output>
          </reporter-output>
        </test-method> <!-- setup -->
        <test-method signature="verify_login()[pri:0, instance:testCases.TC002_Login_Test@6356695f]" started-at="2026-01-02T10:37:08 IST" name="verify_login" finished-at="2026-01-02T10:37:10 IST" duration-ms="2242" status="PASS">
          <reporter-output>
          </reporter-output>
        </test-method> <!-- verify_login -->
        <test-method is-config="true" signature="tearDown()[pri:0, instance:testCases.TC002_Login_Test@6356695f]" started-at="2026-01-02T10:37:11 IST" name="tearDown" finished-at="2026-01-02T10:37:11 IST" duration-ms="184" status="PASS">
          <reporter-output>
          </reporter-output>
        </test-method> <!-- tearDown -->
      </class> <!-- testCases.TC002_Login_Test -->
    </test> <!-- Test(failed) -->
  </suite> <!-- Failed suite [Master Suite] -->
</testng-results>
